2019-05-12 19:46:10,053 INFO    it.istat.cspro.dashboard.DashboardApplication - RUN
2019-05-12 19:46:10,849 INFO    it.istat.cspro.dashboard.DashboardApplication - RUN
2019-05-12 19:46:12,136 INFO    it.istat.cspro.dashboard.DashboardApplication - Starting DashboardApplication on NB75392 with PID 7708 (D:\git\CSProDashboard\target\classes started by UTENTE in D:\git\CSProDashboard)
2019-05-12 19:46:12,145 INFO    it.istat.cspro.dashboard.DashboardApplication - No active profile set, falling back to default profiles: default
2019-05-12 19:46:12,896 INFO    org.springframework.boot.context.embedded.AnnotationConfigEmbeddedWebApplicationContext - Refreshing org.springframework.boot.context.embedded.AnnotationConfigEmbeddedWebApplicationContext@66edfeca: startup date [Sun May 12 19:46:12 CEST 2019]; root of context hierarchy
2019-05-12 19:46:13,701 INFO    org.hibernate.validator.internal.util.Version - HV000001: Hibernate Validator 5.2.4.Final
2019-05-12 19:46:18,797 INFO    org.springframework.context.support.PostProcessorRegistrationDelegate$BeanPostProcessorChecker - Bean 'org.springframework.transaction.annotation.ProxyTransactionManagementConfiguration' of type [class org.springframework.transaction.annotation.ProxyTransactionManagementConfiguration$$EnhancerBySpringCGLIB$$86e75f32] is not eligible for getting processed by all BeanPostProcessors (for example: not eligible for auto-proxying)
2019-05-12 19:46:18,912 INFO    org.springframework.context.support.PostProcessorRegistrationDelegate$BeanPostProcessorChecker - Bean 'org.springframework.cache.annotation.ProxyCachingConfiguration' of type [class org.springframework.cache.annotation.ProxyCachingConfiguration$$EnhancerBySpringCGLIB$$cff99550] is not eligible for getting processed by all BeanPostProcessors (for example: not eligible for auto-proxying)
2019-05-12 19:46:20,355 INFO    org.springframework.boot.context.embedded.tomcat.TomcatEmbeddedServletContainer - Tomcat initialized with port(s): 8080 (http)
2019-05-12 19:46:20,670 INFO    org.springframework.web.context.ContextLoader - Root WebApplicationContext: initialization completed in 7817 ms
2019-05-12 19:46:21,255 INFO    org.springframework.boot.web.servlet.FilterRegistrationBean - Mapping filter: 'characterEncodingFilter' to: [/*]
2019-05-12 19:46:21,255 INFO    org.springframework.boot.web.servlet.FilterRegistrationBean - Mapping filter: 'hiddenHttpMethodFilter' to: [/*]
2019-05-12 19:46:21,256 INFO    org.springframework.boot.web.servlet.FilterRegistrationBean - Mapping filter: 'httpPutFormContentFilter' to: [/*]
2019-05-12 19:46:21,256 INFO    org.springframework.boot.web.servlet.FilterRegistrationBean - Mapping filter: 'requestContextFilter' to: [/*]
2019-05-12 19:46:21,259 INFO    org.springframework.boot.web.servlet.DelegatingFilterProxyRegistrationBean - Mapping filter: 'springSecurityFilterChain' to: [/*]
2019-05-12 19:46:21,260 INFO    org.springframework.boot.web.servlet.ServletRegistrationBean - Mapping servlet: 'dispatcherServlet' to [/]
2019-05-12 19:46:22,739 INFO    org.springframework.orm.jpa.LocalContainerEntityManagerFactoryBean - Building JPA container EntityManagerFactory for persistence unit 'default'
2019-05-12 19:46:22,772 INFO    org.hibernate.jpa.internal.util.LogHelper - HHH000204: Processing PersistenceUnitInfo [
	name: default
	...]
2019-05-12 19:46:23,222 INFO    org.hibernate.Version - HHH000412: Hibernate Core {5.0.11.Final}
2019-05-12 19:46:23,224 INFO    org.hibernate.cfg.Environment - HHH000206: hibernate.properties not found
2019-05-12 19:46:23,230 INFO    org.hibernate.cfg.Environment - HHH000021: Bytecode provider name : javassist
2019-05-12 19:46:23,327 INFO    org.hibernate.annotations.common.Version - HCANN000001: Hibernate Commons Annotations {5.0.1.Final}
2019-05-12 19:46:23,613 INFO    org.hibernate.dialect.Dialect - HHH000400: Using dialect: org.hibernate.dialect.MySQL5Dialect
2019-05-12 19:46:24,771 INFO    org.springframework.orm.jpa.LocalContainerEntityManagerFactoryBean - Initialized JPA EntityManagerFactory for persistence unit 'default'
2019-05-12 19:46:27,121 INFO    org.springframework.security.web.DefaultSecurityFilterChain - Creating filter chain: org.springframework.security.web.util.matcher.AnyRequestMatcher@1, [org.springframework.security.web.context.request.async.WebAsyncManagerIntegrationFilter@3d329846, org.springframework.security.web.context.SecurityContextPersistenceFilter@1d73a737, org.springframework.security.web.header.HeaderWriterFilter@4477476d, org.springframework.security.web.authentication.logout.LogoutFilter@7abafb7d, org.springframework.security.web.authentication.UsernamePasswordAuthenticationFilter@55088fbb, org.springframework.security.web.savedrequest.RequestCacheAwareFilter@6d783cc5, org.springframework.security.web.servletapi.SecurityContextHolderAwareRequestFilter@7554cbc6, org.springframework.security.web.authentication.AnonymousAuthenticationFilter@36cd384, org.springframework.security.web.session.SessionManagementFilter@2a3d3570, org.springframework.security.web.access.ExceptionTranslationFilter@421a40bf, org.springframework.security.web.access.intercept.FilterSecurityInterceptor@6c2da77d]
2019-05-12 19:46:27,374 INFO    org.springframework.web.servlet.mvc.method.annotation.RequestMappingHandlerAdapter - Looking for @ControllerAdvice: org.springframework.boot.context.embedded.AnnotationConfigEmbeddedWebApplicationContext@66edfeca: startup date [Sun May 12 19:46:12 CEST 2019]; root of context hierarchy
2019-05-12 19:46:27,569 INFO    org.springframework.web.servlet.mvc.method.annotation.RequestMappingHandlerMapping - Mapped "{[/admin/{reportPage}]}" onto public java.lang.String it.istat.cspro.dashboard.controller.admin.AdminController.reportPage(java.lang.String)
2019-05-12 19:46:27,571 INFO    org.springframework.web.servlet.mvc.method.annotation.RequestMappingHandlerMapping - Mapped "{[/]}" onto public java.lang.String it.istat.cspro.dashboard.controller.HomeController.home(org.springframework.ui.Model)
2019-05-12 19:46:27,572 INFO    org.springframework.web.servlet.mvc.method.annotation.RequestMappingHandlerMapping - Mapped "{[/report/household/{reportType}]}" onto public java.lang.String it.istat.cspro.dashboard.controller.report.ReportController.reportHouseholdPage(java.lang.String)
2019-05-12 19:46:27,573 INFO    org.springframework.web.servlet.mvc.method.annotation.RequestMappingHandlerMapping - Mapped "{[/gis/{gisPage}]}" onto public java.lang.String it.istat.cspro.dashboard.controller.report.ReportController.gisPage(java.lang.String)
2019-05-12 19:46:27,573 INFO    org.springframework.web.servlet.mvc.method.annotation.RequestMappingHandlerMapping - Mapped "{[/report/{reportPage}]}" onto public java.lang.String it.istat.cspro.dashboard.controller.report.ReportController.reportPage(java.lang.String)
2019-05-12 19:46:27,577 INFO    org.springframework.web.servlet.mvc.method.annotation.RequestMappingHandlerMapping - Mapped "{[/users/newuser],methods=[GET]}" onto public java.lang.String it.istat.cspro.dashboard.controller.UserController.getUserCreatePage(org.springframework.ui.Model,it.istat.cspro.dashboard.forms.UserCreateForm)
2019-05-12 19:46:27,579 INFO    org.springframework.web.servlet.mvc.method.annotation.RequestMappingHandlerMapping - Mapped "{[/users/newuser],methods=[POST]}" onto public java.lang.String it.istat.cspro.dashboard.controller.UserController.handleUserCreateForm(org.springframework.ui.Model,it.istat.cspro.dashboard.forms.UserCreateForm,org.springframework.validation.BindingResult)
2019-05-12 19:46:27,580 INFO    org.springframework.web.servlet.mvc.method.annotation.RequestMappingHandlerMapping - Mapped "{[/logout]}" onto public java.lang.String it.istat.cspro.dashboard.controller.UserController.logout()
2019-05-12 19:46:27,580 INFO    org.springframework.web.servlet.mvc.method.annotation.RequestMappingHandlerMapping - Mapped "{[/login]}" onto public java.lang.String it.istat.cspro.dashboard.controller.UserController.showLoginForm(it.istat.cspro.dashboard.forms.LoginForm)
2019-05-12 19:46:27,581 INFO    org.springframework.web.servlet.mvc.method.annotation.RequestMappingHandlerMapping - Mapped "{[/users/edituser],methods=[GET]}" onto public java.lang.String it.istat.cspro.dashboard.controller.UserController.getEditUser(org.springframework.ui.Model,java.security.Principal)
2019-05-12 19:46:27,582 INFO    org.springframework.web.servlet.mvc.method.annotation.RequestMappingHandlerMapping - Mapped "{[/users/edituser],methods=[POST]}" onto public java.lang.String it.istat.cspro.dashboard.controller.UserController.editUser(org.springframework.ui.Model,it.istat.cspro.dashboard.forms.UserUpdateForm,org.springframework.validation.BindingResult)
2019-05-12 19:46:27,582 INFO    org.springframework.web.servlet.mvc.method.annotation.RequestMappingHandlerMapping - Mapped "{[/users/userlist]}" onto public java.lang.String it.istat.cspro.dashboard.controller.UserController.userslist(org.springframework.ui.Model)
2019-05-12 19:46:27,587 INFO    org.springframework.web.servlet.mvc.method.annotation.RequestMappingHandlerMapping - Mapped "{[/rest/admin/list/{key}]}" onto public java.util.List it.istat.cspro.dashboard.rest.AdminRestController.listReport(java.lang.String)
2019-05-12 19:46:27,588 INFO    org.springframework.web.servlet.mvc.method.annotation.RequestMappingHandlerMapping - Mapped "{[/rest/admin/{key}]}" onto public java.lang.Object it.istat.cspro.dashboard.rest.AdminRestController.objectReport(java.lang.String)
2019-05-12 19:46:27,588 INFO    org.springframework.web.servlet.mvc.method.annotation.RequestMappingHandlerMapping - Mapped "{[/rest/report/{key}]}" onto public java.lang.Object it.istat.cspro.dashboard.rest.ReportRestController.objectReport(java.lang.String,java.lang.Integer)
2019-05-12 19:46:27,600 INFO    org.springframework.web.servlet.mvc.method.annotation.RequestMappingHandlerMapping - Mapped "{[/users/restlist]}" onto public java.util.List<it.istat.cspro.dashboard.domain.User> it.istat.cspro.dashboard.rest.UserRestController.userslist(org.springframework.ui.Model)
2019-05-12 19:46:27,601 INFO    org.springframework.web.servlet.mvc.method.annotation.RequestMappingHandlerMapping - Mapped "{[/users/restNewUser],methods=[POST]}" onto public java.util.List<it.istat.cspro.dashboard.service.NotificationService$NotificationMessage> it.istat.cspro.dashboard.rest.UserRestController.newUser(it.istat.cspro.dashboard.forms.UserCreateForm,org.springframework.validation.BindingResult)
2019-05-12 19:46:27,601 INFO    org.springframework.web.servlet.mvc.method.annotation.RequestMappingHandlerMapping - Mapped "{[/users/restgetUser]}" onto public it.istat.cspro.dashboard.domain.User it.istat.cspro.dashboard.rest.UserRestController.getUser(java.lang.Long)
2019-05-12 19:46:27,602 INFO    org.springframework.web.servlet.mvc.method.annotation.RequestMappingHandlerMapping - Mapped "{[/users/restUpdateUser],methods=[POST]}" onto public java.util.List<it.istat.cspro.dashboard.service.NotificationService$NotificationMessage> it.istat.cspro.dashboard.rest.UserRestController.updateUser(it.istat.cspro.dashboard.forms.UserUpdateForm,org.springframework.validation.BindingResult)
2019-05-12 19:46:27,602 INFO    org.springframework.web.servlet.mvc.method.annotation.RequestMappingHandlerMapping - Mapped "{[/users/restDeleteUser],methods=[POST]}" onto public java.util.List<it.istat.cspro.dashboard.service.NotificationService$NotificationMessage> it.istat.cspro.dashboard.rest.UserRestController.deleteUser(java.lang.Long)
2019-05-12 19:46:27,610 INFO    org.springframework.web.servlet.mvc.method.annotation.RequestMappingHandlerMapping - Mapped "{[/users/updateMyPassword],methods=[POST]}" onto public java.util.List<it.istat.cspro.dashboard.service.NotificationService$NotificationMessage> it.istat.cspro.dashboard.rest.UserRestController.updateMyPassword(java.lang.String,java.security.Principal)
2019-05-12 19:46:27,624 INFO    org.springframework.web.servlet.mvc.method.annotation.RequestMappingHandlerMapping - Mapped "{[/users/updatePassword],methods=[POST]}" onto public java.util.List<it.istat.cspro.dashboard.service.NotificationService$NotificationMessage> it.istat.cspro.dashboard.rest.UserRestController.updatePassword(java.lang.String,java.lang.String)
2019-05-12 19:46:27,634 INFO    org.springframework.web.servlet.mvc.method.annotation.RequestMappingHandlerMapping - Mapped "{[/error]}" onto public org.springframework.http.ResponseEntity<java.util.Map<java.lang.String, java.lang.Object>> org.springframework.boot.autoconfigure.web.BasicErrorController.error(javax.servlet.http.HttpServletRequest)
2019-05-12 19:46:27,634 INFO    org.springframework.web.servlet.mvc.method.annotation.RequestMappingHandlerMapping - Mapped "{[/error],produces=[text/html]}" onto public org.springframework.web.servlet.ModelAndView org.springframework.boot.autoconfigure.web.BasicErrorController.errorHtml(javax.servlet.http.HttpServletRequest,javax.servlet.http.HttpServletResponse)
2019-05-12 19:46:27,736 INFO    org.springframework.web.servlet.handler.SimpleUrlHandlerMapping - Mapped URL path [/webjars/**] onto handler of type [class org.springframework.web.servlet.resource.ResourceHttpRequestHandler]
2019-05-12 19:46:27,737 INFO    org.springframework.web.servlet.handler.SimpleUrlHandlerMapping - Mapped URL path [/**] onto handler of type [class org.springframework.web.servlet.resource.ResourceHttpRequestHandler]
2019-05-12 19:46:27,829 INFO    org.springframework.web.servlet.handler.SimpleUrlHandlerMapping - Mapped URL path [/**/favicon.ico] onto handler of type [class org.springframework.web.servlet.resource.ResourceHttpRequestHandler]
2019-05-12 19:46:29,149 INFO    org.springframework.boot.devtools.autoconfigure.OptionalLiveReloadServer - LiveReload server is running on port 35729
2019-05-12 19:46:29,267 INFO    org.springframework.jmx.export.annotation.AnnotationMBeanExporter - Registering beans for JMX exposure on startup
2019-05-12 19:46:29,450 INFO    org.springframework.boot.context.embedded.tomcat.TomcatEmbeddedServletContainer - Tomcat started on port(s): 8080 (http)
2019-05-12 19:46:29,465 INFO    it.istat.cspro.dashboard.DashboardApplication - Started DashboardApplication in 18.586 seconds (JVM running for 20.12)
2019-05-12 19:46:49,538 INFO    org.springframework.web.servlet.DispatcherServlet - FrameworkServlet 'dispatcherServlet': initialization started
2019-05-12 19:46:49,584 INFO    org.springframework.web.servlet.DispatcherServlet - FrameworkServlet 'dispatcherServlet': initialization completed in 43 ms
2019-05-12 19:46:49,812 INFO    org.hibernate.hql.internal.QueryTranslatorFactoryInitiator - HHH000397: Using ASTQueryTranslatorFactory
2019-05-12 19:46:50,272 INFO    org.thymeleaf.TemplateEngine - [THYMELEAF] INITIALIZING TEMPLATE ENGINE
2019-05-12 19:46:50,374 INFO    org.thymeleaf.templateresolver.AbstractTemplateResolver - [THYMELEAF] INITIALIZING TEMPLATE RESOLVER: org.thymeleaf.spring4.templateresolver.SpringResourceTemplateResolver
2019-05-12 19:46:50,374 INFO    org.thymeleaf.templateresolver.AbstractTemplateResolver - [THYMELEAF] TEMPLATE RESOLVER INITIALIZED OK
2019-05-12 19:46:50,374 INFO    org.thymeleaf.messageresolver.AbstractMessageResolver - [THYMELEAF] INITIALIZING MESSAGE RESOLVER: org.thymeleaf.spring4.messageresolver.SpringMessageResolver
2019-05-12 19:46:50,376 INFO    org.thymeleaf.messageresolver.AbstractMessageResolver - [THYMELEAF] MESSAGE RESOLVER INITIALIZED OK
2019-05-12 19:46:50,385 INFO    org.thymeleaf.TemplateEngine.CONFIG - [THYMELEAF] TEMPLATE ENGINE CONFIGURATION:
[THYMELEAF] * Cache Factory implementation: org.thymeleaf.cache.StandardCacheManager
[THYMELEAF] * Template modes:
[THYMELEAF]     * HTML5
[THYMELEAF]     * XML
[THYMELEAF]     * VALIDXHTML
[THYMELEAF]     * LEGACYHTML5
[THYMELEAF]     * XHTML
[THYMELEAF]     * VALIDXML
[THYMELEAF] * Template resolvers (in order):
[THYMELEAF]     * org.thymeleaf.spring4.templateresolver.SpringResourceTemplateResolver
[THYMELEAF] * Message resolvers (in order):
[THYMELEAF]     * org.thymeleaf.spring4.messageresolver.SpringMessageResolver
[THYMELEAF] * Dialect [1 of 3]: org.thymeleaf.spring4.dialect.SpringStandardDialect
[THYMELEAF]     * Prefix: "th"
[THYMELEAF] * Dialect [2 of 3]: org.thymeleaf.extras.springsecurity4.dialect.SpringSecurityDialect
[THYMELEAF]     * Prefix: "sec"
[THYMELEAF] * Dialect [3 of 3]: nz.net.ultraq.thymeleaf.LayoutDialect
[THYMELEAF]     * Prefix: "layout"
[THYMELEAF] TEMPLATE ENGINE CONFIGURED OK
2019-05-12 19:46:50,386 INFO    org.thymeleaf.TemplateEngine - [THYMELEAF] TEMPLATE ENGINE INITIALIZED
2019-05-12 19:47:38,339 INFO    org.springframework.boot.context.embedded.AnnotationConfigEmbeddedWebApplicationContext - Closing org.springframework.boot.context.embedded.AnnotationConfigEmbeddedWebApplicationContext@66edfeca: startup date [Sun May 12 19:46:12 CEST 2019]; root of context hierarchy
2019-05-12 19:47:38,350 INFO    org.springframework.jmx.export.annotation.AnnotationMBeanExporter - Unregistering JMX-exposed beans on shutdown
2019-05-12 19:47:38,365 INFO    org.springframework.orm.jpa.LocalContainerEntityManagerFactoryBean - Closing JPA EntityManagerFactory for persistence unit 'default'
2019-05-12 19:47:38,366 WARN    org.springframework.beans.factory.support.DisposableBeanAdapter - Invocation of destroy method failed on bean with name 'entityManagerFactory': java.lang.IllegalStateException: EntityManagerFactory is closed
2019-05-12 19:49:45,278 WARN    org.springframework.web.servlet.PageNotFound - Request method 'GET' not supported
2019-05-12 19:49:45,279 WARN    org.springframework.web.servlet.mvc.support.DefaultHandlerExceptionResolver - Resolved exception caused by Handler execution: org.springframework.web.HttpRequestMethodNotSupportedException: Request method 'GET' not supported
2019-05-12 19:50:07,716 WARN    org.springframework.web.servlet.PageNotFound - Request method 'GET' not supported
2019-05-12 19:50:07,717 WARN    org.springframework.web.servlet.mvc.support.DefaultHandlerExceptionResolver - Resolved exception caused by Handler execution: org.springframework.web.HttpRequestMethodNotSupportedException: Request method 'GET' not supported
2019-05-12 19:51:48,091 WARN    org.springframework.beans.factory.support.DisposableBeanAdapter - Invocation of destroy method failed on bean with name 'entityManagerFactory': java.lang.IllegalStateException: EntityManagerFactory is closed
2019-05-12 19:51:57,191 WARN    org.hibernate.jpa.internal.EntityManagerFactoryRegistry - HHH000436: Entity manager factory name (default) is already registered.  If entity manager will be clustered or passivated, specify a unique value for property 'hibernate.ejb.entitymanager_factory_name'
2019-05-12 19:53:01,211 WARN    org.springframework.beans.factory.support.DisposableBeanAdapter - Invocation of destroy method failed on bean with name 'entityManagerFactory': java.lang.IllegalStateException: EntityManagerFactory is closed
2019-05-12 19:53:04,428 WARN    org.hibernate.jpa.internal.EntityManagerFactoryRegistry - HHH000436: Entity manager factory name (default) is already registered.  If entity manager will be clustered or passivated, specify a unique value for property 'hibernate.ejb.entitymanager_factory_name'
2019-05-12 19:56:02,861 WARN    org.springframework.web.servlet.PageNotFound - Request method 'GET' not supported
2019-05-12 19:56:02,863 WARN    org.springframework.web.servlet.mvc.support.DefaultHandlerExceptionResolver - Resolved exception caused by Handler execution: org.springframework.web.HttpRequestMethodNotSupportedException: Request method 'GET' not supported
2019-05-12 19:58:58,325 WARN    org.springframework.beans.factory.support.DisposableBeanAdapter - Invocation of destroy method failed on bean with name 'entityManagerFactory': java.lang.IllegalStateException: EntityManagerFactory is closed
2019-05-12 19:59:09,891 WARN    org.hibernate.jpa.internal.EntityManagerFactoryRegistry - HHH000436: Entity manager factory name (default) is already registered.  If entity manager will be clustered or passivated, specify a unique value for property 'hibernate.ejb.entitymanager_factory_name'
2019-05-12 20:01:16,941 WARN    org.springframework.beans.factory.support.DisposableBeanAdapter - Invocation of destroy method failed on bean with name 'entityManagerFactory': java.lang.IllegalStateException: EntityManagerFactory is closed
2019-05-12 20:01:21,706 WARN    org.hibernate.jpa.internal.EntityManagerFactoryRegistry - HHH000436: Entity manager factory name (default) is already registered.  If entity manager will be clustered or passivated, specify a unique value for property 'hibernate.ejb.entitymanager_factory_name'
2019-05-12 20:03:20,318 WARN    org.springframework.beans.factory.support.DisposableBeanAdapter - Invocation of destroy method failed on bean with name 'entityManagerFactory': java.lang.IllegalStateException: EntityManagerFactory is closed
2019-05-12 20:03:23,672 WARN    org.hibernate.jpa.internal.EntityManagerFactoryRegistry - HHH000436: Entity manager factory name (default) is already registered.  If entity manager will be clustered or passivated, specify a unique value for property 'hibernate.ejb.entitymanager_factory_name'
2019-05-12 20:06:17,285 WARN    org.springframework.beans.factory.support.DisposableBeanAdapter - Invocation of destroy method failed on bean with name 'entityManagerFactory': java.lang.IllegalStateException: EntityManagerFactory is closed
2019-05-12 20:06:20,173 ERROR   org.springframework.boot.SpringApplication - Application startup failed
java.lang.NullPointerException
	at org.springframework.context.annotation.AutoProxyRegistrar.registerBeanDefinitions(AutoProxyRegistrar.java:63)
	at org.springframework.context.annotation.ConfigurationClassBeanDefinitionReader.loadBeanDefinitionsFromRegistrars(ConfigurationClassBeanDefinitionReader.java:352)
	at org.springframework.context.annotation.ConfigurationClassBeanDefinitionReader.loadBeanDefinitionsForConfigurationClass(ConfigurationClassBeanDefinitionReader.java:143)
	at org.springframework.context.annotation.ConfigurationClassBeanDefinitionReader.loadBeanDefinitions(ConfigurationClassBeanDefinitionReader.java:116)
	at org.springframework.context.annotation.ConfigurationClassPostProcessor.processConfigBeanDefinitions(ConfigurationClassPostProcessor.java:336)
	at org.springframework.context.annotation.ConfigurationClassPostProcessor.postProcessBeanDefinitionRegistry(ConfigurationClassPostProcessor.java:246)
	at org.springframework.context.support.PostProcessorRegistrationDelegate.invokeBeanDefinitionRegistryPostProcessors(PostProcessorRegistrationDelegate.java:270)
	at org.springframework.context.support.PostProcessorRegistrationDelegate.invokeBeanFactoryPostProcessors(PostProcessorRegistrationDelegate.java:93)
	at org.springframework.context.support.AbstractApplicationContext.invokeBeanFactoryPostProcessors(AbstractApplicationContext.java:686)
	at org.springframework.context.support.AbstractApplicationContext.refresh(AbstractApplicationContext.java:524)
	at org.springframework.boot.context.embedded.EmbeddedWebApplicationContext.refresh(EmbeddedWebApplicationContext.java:122)
	at org.springframework.boot.SpringApplication.refresh(SpringApplication.java:761)
	at org.springframework.boot.SpringApplication.refreshContext(SpringApplication.java:371)
	at org.springframework.boot.SpringApplication.run(SpringApplication.java:315)
	at org.springframework.boot.SpringApplication.run(SpringApplication.java:1186)
	at org.springframework.boot.SpringApplication.run(SpringApplication.java:1175)
	at it.istat.cspro.dashboard.DashboardApplication.main(DashboardApplication.java:17)
	at sun.reflect.NativeMethodAccessorImpl.invoke0(Native Method)
	at sun.reflect.NativeMethodAccessorImpl.invoke(NativeMethodAccessorImpl.java:62)
	at sun.reflect.DelegatingMethodAccessorImpl.invoke(DelegatingMethodAccessorImpl.java:43)
	at java.lang.reflect.Method.invoke(Method.java:498)
	at org.springframework.boot.devtools.restart.RestartLauncher.run(RestartLauncher.java:49)
2019-05-12 20:06:20,179 WARN    org.springframework.boot.context.embedded.AnnotationConfigEmbeddedWebApplicationContext - Exception thrown from LifecycleProcessor on context close
java.lang.IllegalStateException: LifecycleProcessor not initialized - call 'refresh' before invoking lifecycle methods via the context: org.springframework.boot.context.embedded.AnnotationConfigEmbeddedWebApplicationContext@458bcd4f: startup date [Sun May 12 20:06:18 CEST 2019]; root of context hierarchy
	at org.springframework.context.support.AbstractApplicationContext.getLifecycleProcessor(AbstractApplicationContext.java:417)
	at org.springframework.context.support.AbstractApplicationContext.doClose(AbstractApplicationContext.java:1002)
	at org.springframework.context.support.AbstractApplicationContext.close(AbstractApplicationContext.java:961)
	at org.springframework.boot.SpringApplication.handleRunFailure(SpringApplication.java:818)
	at org.springframework.boot.SpringApplication.run(SpringApplication.java:326)
	at org.springframework.boot.SpringApplication.run(SpringApplication.java:1186)
	at org.springframework.boot.SpringApplication.run(SpringApplication.java:1175)
	at it.istat.cspro.dashboard.DashboardApplication.main(DashboardApplication.java:17)
	at sun.reflect.NativeMethodAccessorImpl.invoke0(Native Method)
	at sun.reflect.NativeMethodAccessorImpl.invoke(NativeMethodAccessorImpl.java:62)
	at sun.reflect.DelegatingMethodAccessorImpl.invoke(DelegatingMethodAccessorImpl.java:43)
	at java.lang.reflect.Method.invoke(Method.java:498)
	at org.springframework.boot.devtools.restart.RestartLauncher.run(RestartLauncher.java:49)
2019-05-12 20:06:20,180 ERROR   org.springframework.beans.factory.support.DefaultListableBeanFactory - Destroy method on bean with name 'org.springframework.boot.autoconfigure.internalCachingMetadataReaderFactory' threw an exception
java.lang.IllegalStateException: ApplicationEventMulticaster not initialized - call 'refresh' before multicasting events via the context: org.springframework.boot.context.embedded.AnnotationConfigEmbeddedWebApplicationContext@458bcd4f: startup date [Sun May 12 20:06:18 CEST 2019]; root of context hierarchy
	at org.springframework.context.support.AbstractApplicationContext.getApplicationEventMulticaster(AbstractApplicationContext.java:404)
	at org.springframework.context.support.ApplicationListenerDetector.postProcessBeforeDestruction(ApplicationListenerDetector.java:97)
	at org.springframework.beans.factory.support.DisposableBeanAdapter.destroy(DisposableBeanAdapter.java:253)
	at org.springframework.beans.factory.support.DefaultSingletonBeanRegistry.destroyBean(DefaultSingletonBeanRegistry.java:578)
	at org.springframework.beans.factory.support.DefaultSingletonBeanRegistry.destroySingleton(DefaultSingletonBeanRegistry.java:554)
	at org.springframework.beans.factory.support.DefaultListableBeanFactory.destroySingleton(DefaultListableBeanFactory.java:954)
	at org.springframework.beans.factory.support.DefaultSingletonBeanRegistry.destroySingletons(DefaultSingletonBeanRegistry.java:523)
	at org.springframework.beans.factory.support.DefaultListableBeanFactory.destroySingletons(DefaultListableBeanFactory.java:961)
	at org.springframework.context.support.AbstractApplicationContext.destroyBeans(AbstractApplicationContext.java:1033)
	at org.springframework.context.support.AbstractApplicationContext.doClose(AbstractApplicationContext.java:1009)
	at org.springframework.context.support.AbstractApplicationContext.close(AbstractApplicationContext.java:961)
	at org.springframework.boot.SpringApplication.handleRunFailure(SpringApplication.java:818)
	at org.springframework.boot.SpringApplication.run(SpringApplication.java:326)
	at org.springframework.boot.SpringApplication.run(SpringApplication.java:1186)
	at org.springframework.boot.SpringApplication.run(SpringApplication.java:1175)
	at it.istat.cspro.dashboard.DashboardApplication.main(DashboardApplication.java:17)
	at sun.reflect.NativeMethodAccessorImpl.invoke0(Native Method)
	at sun.reflect.NativeMethodAccessorImpl.invoke(NativeMethodAccessorImpl.java:62)
	at sun.reflect.DelegatingMethodAccessorImpl.invoke(DelegatingMethodAccessorImpl.java:43)
	at java.lang.reflect.Method.invoke(Method.java:498)
	at org.springframework.boot.devtools.restart.RestartLauncher.run(RestartLauncher.java:49)
2019-05-12 20:06:45,099 WARN    org.hibernate.jpa.internal.EntityManagerFactoryRegistry - HHH000436: Entity manager factory name (default) is already registered.  If entity manager will be clustered or passivated, specify a unique value for property 'hibernate.ejb.entitymanager_factory_name'
2019-05-12 20:07:54,017 WARN    org.springframework.web.servlet.mvc.support.DefaultHandlerExceptionResolver - Resolved exception caused by Handler execution: org.springframework.web.bind.MissingServletRequestParameterException: Required Long parameter 'id' is not present
2019-05-12 20:08:34,141 WARN    org.springframework.web.servlet.mvc.support.DefaultHandlerExceptionResolver - Resolved exception caused by Handler execution: org.springframework.web.bind.MissingServletRequestParameterException: Required Long parameter 'id' is not present
2019-05-12 22:22:11,443 WARN    org.springframework.beans.factory.support.DisposableBeanAdapter - Invocation of destroy method failed on bean with name 'entityManagerFactory': java.lang.IllegalStateException: EntityManagerFactory is closed
2019-05-12 22:22:15,190 WARN    org.hibernate.jpa.internal.EntityManagerFactoryRegistry - HHH000436: Entity manager factory name (default) is already registered.  If entity manager will be clustered or passivated, specify a unique value for property 'hibernate.ejb.entitymanager_factory_name'
2019-05-12 22:22:30,454 WARN    org.springframework.beans.factory.support.DisposableBeanAdapter - Invocation of destroy method failed on bean with name 'entityManagerFactory': java.lang.IllegalStateException: EntityManagerFactory is closed
2019-05-12 22:22:35,836 WARN    org.hibernate.jpa.internal.EntityManagerFactoryRegistry - HHH000436: Entity manager factory name (default) is already registered.  If entity manager will be clustered or passivated, specify a unique value for property 'hibernate.ejb.entitymanager_factory_name'
